<?xml version="1.0" encoding="UTF-8"?>
<!-- Generated by org.testng.reporters.JUnitReportReporter -->
<testsuite hostname="DAKSHIT-HP" failures="0" tests="2" name="MobileTesting.ForgotPswd_validation" time="44.630" errors="0" timestamp="2025-09-16T08:09:28 IST" skipped="0">
  <testcase classname="MobileTesting.ForgotPswd_validation" name="forgotpswdChecking" time="23.466"/>
  <testcase classname="MobileTesting.ForgotPswd_validation" name="forgotpswdWithWorngEmail" time="21.164"/>
</testsuite> <!-- MobileTesting.ForgotPswd_validation -->
