<?xml version="1.0" encoding="UTF-8"?>
<!-- Generated by org.testng.reporters.JUnitReportReporter -->
<testsuite hostname="DAKSHIT-HP" failures="0" tests="1" name="MobileTesting.ProfileTest" time="22.321" errors="0" timestamp="2025-09-11T15:14:45 IST" skipped="0">
  <testcase classname="MobileTesting.ProfileTest" name="Profile" time="22.321"/>
</testsuite> <!-- MobileTesting.ProfileTest -->
