<?xml version="1.0" encoding="UTF-8"?>
<!-- Generated by org.testng.reporters.JUnitReportReporter -->
<testsuite hostname="DAKSHIT-HP" failures="0" tests="1" name="MobileTesting.SignUpTest" time="24.888" errors="0" timestamp="2025-09-12T16:15:41 IST" skipped="0">
  <testcase classname="MobileTesting.SignUpTest" name="Profile" time="24.888"/>
</testsuite> <!-- MobileTesting.SignUpTest -->
