<?xml version="1.0" encoding="UTF-8"?>
<!-- Generated by org.testng.reporters.JUnitReportReporter -->
<testsuite hostname="DAKSHIT-HP" failures="0" tests="1" name="MobileTesting.Profile_Validation" time="23.434" errors="0" timestamp="2025-09-16T08:17:04 IST" skipped="0">
  <testcase classname="MobileTesting.Profile_Validation" name="ProfileFunctionality" time="23.434"/>
</testsuite> <!-- MobileTesting.Profile_Validation -->
