<?xml version="1.0" encoding="UTF-8"?>
<!-- Generated by org.testng.reporters.JUnitReportReporter -->
<testsuite hostname="DAKSHIT-HP" failures="0" tests="1" name="MobileTesting.Internship_Validation" time="57.426" errors="0" timestamp="2025-09-16T07:54:40 IST" skipped="0">
  <testcase classname="MobileTesting.Internship_Validation" name="summerInterChecking" time="57.426"/>
</testsuite> <!-- MobileTesting.Internship_Validation -->
