<?xml version="1.0" encoding="UTF-8"?>
<!-- Generated by org.testng.reporters.JUnitReportReporter -->
<testsuite hostname="DAKSHIT-HP" failures="0" tests="3" name="MobileTesting.Login_Validation" time="90.341" errors="0" timestamp="2025-09-16T08:17:04 IST" skipped="0">
  <testcase classname="MobileTesting.Login_Validation" name="verifyInvalidEmailToast" time="44.532"/>
  <testcase classname="MobileTesting.Login_Validation" name="verifySuccessfulLoginToast" time="22.212"/>
  <testcase classname="MobileTesting.Login_Validation" name="verifyInvalidPasswordToast" time="23.597"/>
</testsuite> <!-- MobileTesting.Login_Validation -->
