<?xml version="1.0" encoding="UTF-8"?>
<!-- Generated by org.testng.reporters.JUnitReportReporter -->
<testsuite hostname="DAKSHIT-HP" failures="0" tests="1" name="MobileTesting.ForgotPswdTest" time="5.781" errors="0" timestamp="2025-09-01T09:15:30 IST" skipped="0">
  <testcase classname="MobileTesting.ForgotPswdTest" name="forgotPswd" time="5.781"/>
</testsuite> <!-- MobileTesting.ForgotPswdTest -->
