<?xml version="1.0" encoding="UTF-8"?>
<!-- Generated by org.testng.reporters.JUnitReportReporter -->
<testsuite hostname="DAKSHIT-HP" failures="0" tests="1" name="MobileTesting.JobAssistance_Validation" time="40.787" errors="0" timestamp="2025-09-16T07:54:40 IST" skipped="0">
  <testcase classname="MobileTesting.JobAssistance_Validation" name="jobSectionChecking" time="40.787"/>
</testsuite> <!-- MobileTesting.JobAssistance_Validation -->
