<?xml version="1.0" encoding="UTF-8"?>
<!-- Generated by org.testng.reporters.JUnitReportReporter -->
<testsuite hostname="DAKSHIT-HP" failures="0" tests="1" name="MobileTesting.CareerGuidance_Validation" time="64.287" errors="0" timestamp="2025-09-16T07:54:40 IST" skipped="0">
  <testcase classname="MobileTesting.CareerGuidance_Validation" name="checkCareerGuidanceMenuPresence" time="64.287"/>
</testsuite> <!-- MobileTesting.CareerGuidance_Validation -->
