<?xml version="1.0" encoding="UTF-8"?>
<!-- Generated by org.testng.reporters.JUnitReportReporter -->
<testsuite hostname="DAKSHIT-HP" failures="0" tests="3" name="MobileTesting.SignUp_Validation" time="68.505" errors="0" timestamp="2025-09-16T08:09:28 IST" skipped="0">
  <testcase classname="MobileTesting.SignUp_Validation" name="signUpWithInvalidEmail" time="24.189"/>
  <testcase classname="MobileTesting.SignUp_Validation" name="signUpFormFieldChecking" time="23.223"/>
  <testcase classname="MobileTesting.SignUp_Validation" name="passwordLenghthMustBe" time="21.093"/>
</testsuite> <!-- MobileTesting.SignUp_Validation -->
