<?xml version="1.0" encoding="UTF-8"?>
<!-- Generated by org.testng.reporters.JUnitReportReporter -->
<testsuite hostname="DAKSHIT-HP" failures="0" tests="1" name="MobileTesting.Home_Validatation" time="49.862" errors="0" timestamp="2025-09-16T07:54:40 IST" skipped="0">
  <testcase classname="MobileTesting.Home_Validatation" name="verifyHomePageContentAfterLogin" time="49.862"/>
</testsuite> <!-- MobileTesting.Home_Validatation -->
