<?xml version="1.0" encoding="UTF-8"?>
<!-- Generated by org.testng.reporters.JUnitReportReporter -->
<testsuite hostname="DAKSHIT-HP" failures="0" tests="1" name="MobileTesting.CareerGuidanceTest" time="45.797" errors="0" timestamp="2025-09-01T08:12:05 IST" skipped="0">
  <testcase classname="MobileTesting.CareerGuidanceTest" name="careerGuidance" time="45.797"/>
</testsuite> <!-- MobileTesting.CareerGuidanceTest -->
