<?xml version="1.0" encoding="UTF-8"?>
<!-- Generated by org.testng.reporters.JUnitReportReporter -->
<testsuite hostname="DAKSHIT-HP" failures="0" tests="1" name="MobileTesting.LoginTest" time="35.848" errors="0" timestamp="2025-09-04T07:38:35 IST" skipped="0">
  <testcase classname="MobileTesting.LoginTest" name="submitLoginForm" time="35.848"/>
</testsuite> <!-- MobileTesting.LoginTest -->
