<?xml version="1.0" encoding="UTF-8"?>
<!-- Generated by org.testng.reporters.JUnitReportReporter -->
<testsuite hostname="DAKSHIT-HP" failures="0" tests="1" name="MobileTesting.BoilerCode" time="57.520" errors="0" timestamp="2025-09-01T16:17:25 IST" skipped="0">
  <testcase classname="MobileTesting.BoilerCode" name="justCode" time="57.520"/>
</testsuite> <!-- MobileTesting.BoilerCode -->
